Flutter crash report.
Please report a bug at https://github.com/flutter/flutter/issues.

## command

flutter --quiet assemble --no-version-check --depfile C:\Users\Mohmmad\Documents\vsProject\flutter\iron_fit_android\build\app\intermediates\flutter\debug/flutter_build.d --output C:\Users\Mohmmad\Documents\vsProject\flutter\iron_fit_android\build\app\intermediates\flutter\debug -dTargetFile=C:\Users\Mohmmad\Documents\vsProject\flutter\iron_fit_android\lib\main.dart -dTargetPlatform=android -dBuildMode=debug -dTrackWidgetCreation=true -dFlavor= -dAndroidArchs=android-arm64 -dMinSdkVersion=23 debug_android_application

## exception

PathAccessException: PathAccessException: Cannot delete file, path = 'C:\Users\Mohmmad\Documents\vsProject\flutter\iron_fit_android\.dart_tool\flutter_build\51efc6459d51b89768a0a196ad3755d4\kernel_snapshot_program.stamp' (OS Error: The process cannot access the file because it is being used by another process.
, errno = 32)

```
#0      _File.throwIfError (dart:io/file_impl.dart:782:7)
#1      _File._deleteSync (dart:io/file_impl.dart:367:5)
#2      FileSystemEntity.deleteSync (dart:io/file_system_entity.dart:425:7)
#3      ForwardingFileSystemEntity.deleteSync (package:file/src/forwarding/forwarding_file_system_entity.dart:70:16)
#4      ForwardingFileSystemEntity.deleteSync (package:file/src/forwarding/forwarding_file_system_entity.dart:70:16)
#5      ErrorHandlingFileSystem.deleteIfExists (package:flutter_tools/src/base/error_handling_io.dart:84:14)
#6      Target.clearStamp (package:flutter_tools/src/build_system/build_system.dart:178:29)
#7      _BuildInstance._invokeInternal (package:flutter_tools/src/build_system/build_system.dart:918:19)
<asynchronous suspension>
#8      Future.wait.<anonymous closure> (dart:async/future.dart:528:21)
<asynchronous suspension>
#9      _BuildInstance.invokeTarget (package:flutter_tools/src/build_system/build_system.dart:829:32)
<asynchronous suspension>
#10     Future.wait.<anonymous closure> (dart:async/future.dart:528:21)
<asynchronous suspension>
#11     _BuildInstance.invokeTarget (package:flutter_tools/src/build_system/build_system.dart:829:32)
<asynchronous suspension>
#12     Future.wait.<anonymous closure> (dart:async/future.dart:528:21)
<asynchronous suspension>
#13     _BuildInstance.invokeTarget (package:flutter_tools/src/build_system/build_system.dart:829:32)
<asynchronous suspension>
#14     FlutterBuildSystem.build (package:flutter_tools/src/build_system/build_system.dart:651:16)
<asynchronous suspension>
#15     AssembleCommand.runCommand (package:flutter_tools/src/commands/assemble.dart:337:32)
<asynchronous suspension>
#16     FlutterCommand.run.<anonymous closure> (package:flutter_tools/src/runner/flutter_command.dart:1422:27)
<asynchronous suspension>
#17     AppContext.run.<anonymous closure> (package:flutter_tools/src/base/context.dart:153:19)
<asynchronous suspension>
#18     CommandRunner.runCommand (package:args/command_runner.dart:212:13)
<asynchronous suspension>
#19     FlutterCommandRunner.runCommand.<anonymous closure> (package:flutter_tools/src/runner/flutter_command_runner.dart:443:9)
<asynchronous suspension>
#20     AppContext.run.<anonymous closure> (package:flutter_tools/src/base/context.dart:153:19)
<asynchronous suspension>
#21     FlutterCommandRunner.runCommand (package:flutter_tools/src/runner/flutter_command_runner.dart:386:5)
<asynchronous suspension>
#22     run.<anonymous closure>.<anonymous closure> (package:flutter_tools/runner.dart:131:9)
<asynchronous suspension>
#23     AppContext.run.<anonymous closure> (package:flutter_tools/src/base/context.dart:153:19)
<asynchronous suspension>
#24     main (package:flutter_tools/executable.dart:94:3)
<asynchronous suspension>
```

## flutter doctor

```
[!] Flutter (Channel master, 3.28.0-1.0.pre.4, on Microsoft Windows [Version 10.0.21996.1], locale en-US)
    • Flutter version 3.28.0-1.0.pre.4 on channel master at C:\flutter
    ! Unknown upstream repository.
      Reinstall Flutter by following instructions at https://flutter.dev/setup.
    • Framework revision 7516b64464 (4 months ago), 2024-12-05 16:00:55 +0200
    • Engine revision 05e2d6597c
    • Dart version 3.7.0 (build 3.7.0-209.0.dev)
    • DevTools version 2.41.0
    • If those were intentional, you can disregard the above warnings; however it is recommended to use "git" directly to perform update checks and upgrades.

[✓] Windows Version (11 Pro 64-bit, Dev, 2009)

[✓] Android toolchain - develop for Android devices (Android SDK version 35.0.1)
    • Android SDK at C:\Users\Mohmmad\AppData\Local\Android\Sdk
    • Platform android-35, build-tools 35.0.1
    • ANDROID_SDK_ROOT = C:\Users\Mohmmad\AppData\Local\Android\Sdk
    • Java binary at: C:\Program Files\Android\Android Studio\jbr\bin\java
      This is the JDK bundled with the latest Android Studio installation on this machine.
      To manually set the JDK path, use: `flutter config --jdk-dir="path/to/jdk"`.
    • Java version OpenJDK Runtime Environment (build 17.0.11+0--11852314)
    • All Android licenses accepted.

[✓] Chrome - develop for the web
    • Chrome at C:\Program Files\Google\Chrome\Application\chrome.exe

[✓] Visual Studio - develop Windows apps (Visual Studio Build Tools 2022 17.13.6)
    • Visual Studio at C:\Program Files (x86)\Microsoft Visual Studio\2022\BuildTools
    • Visual Studio Build Tools 2022 version 17.13.35931.197
    • Windows 10 SDK version 10.0.26100.0

[✓] Android Studio (version 2024.1)
    • Android Studio at C:\Program Files\Android\Android Studio
    • Flutter plugin can be installed from:
      🔨 https://plugins.jetbrains.com/plugin/9212-flutter
    • Dart plugin can be installed from:
      🔨 https://plugins.jetbrains.com/plugin/6351-dart
    • Java version OpenJDK Runtime Environment (build 17.0.11+0--11852314)

[✓] VS Code (version 1.96.4)
    • VS Code at C:\Users\Mohmmad\AppData\Local\Programs\Microsoft VS Code
    • Flutter extension version 3.108.0

[✓] Connected device (4 available)
    • MAR LX1M (mobile) • SBX4C19412002691 • android-arm64  • Android 10 (API 29)
    • Windows (desktop) • windows          • windows-x64    • Microsoft Windows [Version 10.0.21996.1]
    • Chrome (web)      • chrome           • web-javascript • Google Chrome 135.0.7049.85
    • Edge (web)        • edge             • web-javascript • Microsoft Edge 135.0.3179.66

[✓] Network resources
    • All expected network resources are available.

! Doctor found issues in 1 category.
```
